<?xml version="1.0" encoding="UTF-8"?>
<!-- Generated by org.testng.reporters.JUnitXMLReporter -->
<testsuite hostname="yaopengs-Air.tcloud.moe" ignored="0" name="Test" tests="13" failures="0" timestamp="03 一月 2019 01:39:11 GMT" time="0.117" errors="0">
  <testcase name="testCalculate" time="0.011" classname="testNG.NewTest"/>
  <testcase name="testCalculate" time="0.001" classname="testNG.NewTest"/>
  <testcase name="testDateIsValid" time="0.003" classname="testNG.NewTest"/>
  <testcase name="testDateIsValid" time="0.004" classname="testNG.NewTest"/>
  <testcase name="testDateIsValid" time="0.002" classname="testNG.NewTest"/>
  <testcase name="testDateIsValid" time="0.002" classname="testNG.NewTest"/>
  <testcase name="testDateIsValid" time="0.001" classname="testNG.NewTest"/>
  <testcase name="testDateIsValid" time="0.002" classname="testNG.NewTest"/>
  <testcase name="testDateIsValid" time="0.002" classname="testNG.NewTest"/>
  <testcase name="testIsLeapYear" time="0.001" classname="testNG.NewTest"/>
  <testcase name="testIsLeapYear" time="0.001" classname="testNG.NewTest"/>
  <testcase name="testIsLeapYear" time="0.003" classname="testNG.NewTest"/>
  <testcase name="testIsLeapYear" time="0.002" classname="testNG.NewTest"/>
</testsuite> <!-- Test -->
