<?xml version="1.0" encoding="UTF-8"?>
<!-- Generated by org.testng.reporters.JUnitXMLReporter -->
<testsuite ignored="0" hostname="DESKTOP-QTVVLQH" failures="0" tests="14" name="Test" time="2.267" errors="0" timestamp="03 1月 2019 05:04:27 GMT">
  <testcase classname="testNG.NewTest" name="testCalculate" time="0.008"/>
  <testcase classname="testNG.NewTest" name="testCalculate" time="0.001"/>
  <testcase classname="testNG.NewTest" name="testDateIsValid" time="0.0"/>
  <testcase classname="testNG.NewTest" name="testDateIsValid" time="0.001"/>
  <testcase classname="testNG.NewTest" name="testDateIsValid" time="0.001"/>
  <testcase classname="testNG.NewTest" name="testDateIsValid" time="0.0"/>
  <testcase classname="testNG.NewTest" name="testDateIsValid" time="0.0"/>
  <testcase classname="testNG.NewTest" name="testDateIsValid" time="0.001"/>
  <testcase classname="testNG.NewTest" name="testDateIsValid" time="0.001"/>
  <testcase classname="testNG.NewTest" name="testInput" time="1.317"/>
  <testcase classname="testNG.NewTest" name="testIsLeapYear" time="0.003"/>
  <testcase classname="testNG.NewTest" name="testIsLeapYear" time="0.003"/>
  <testcase classname="testNG.NewTest" name="testIsLeapYear" time="0.003"/>
  <testcase classname="testNG.NewTest" name="testIsLeapYear" time="0.003"/>
</testsuite> <!-- Test -->
