<?xml version="1.0" encoding="UTF-8"?>
<!-- Generated by org.testng.reporters.JUnitXMLReporter -->
<testsuite ignored="0" hostname="DESKTOP-QTVVLQH" failures="0" tests="12" name="Default test" time="0.058" errors="0" timestamp="02 1月 2019 05:22:08 GMT">
  <testcase classname="testNG.NewTest" name="testCalculate" time="0.006"/>
  <testcase classname="testNG.NewTest" name="testDateIsValid" time="0.002"/>
  <testcase classname="testNG.NewTest" name="testDateIsValid" time="0.006"/>
  <testcase classname="testNG.NewTest" name="testDateIsValid" time="0.002"/>
  <testcase classname="testNG.NewTest" name="testDateIsValid" time="0.001"/>
  <testcase classname="testNG.NewTest" name="testDateIsValid" time="0.001"/>
  <testcase classname="testNG.NewTest" name="testDateIsValid" time="0.001"/>
  <testcase classname="testNG.NewTest" name="testDateIsValid" time="0.0"/>
  <testcase classname="testNG.NewTest" name="testIsLeapYear" time="0.001"/>
  <testcase classname="testNG.NewTest" name="testIsLeapYear" time="0.003"/>
  <testcase classname="testNG.NewTest" name="testIsLeapYear" time="0.0"/>
  <testcase classname="testNG.NewTest" name="testIsLeapYear" time="0.0"/>
</testsuite> <!-- Default test -->
