<?xml version="1.0" encoding="UTF-8"?>
<!-- Generated by org.testng.reporters.JUnitReportReporter -->
<testsuite hostname="DESKTOP-QTVVLQH" failures="0" tests="13" name="testNG.NewTest" time="0.017" errors="0" timestamp="02 1月 2019 05:25:37 GMT" skipped="0">
  <testcase classname="testNG.NewTest" name="testIsLeapYear" time="0.000"/>
  <testcase classname="testNG.NewTest" name="testDateIsValid" time="0.000"/>
  <testcase classname="testNG.NewTest" name="testDateIsValid" time="0.001"/>
  <testcase classname="testNG.NewTest" name="testDateIsValid" time="0.001"/>
  <testcase classname="testNG.NewTest" name="testDateIsValid" time="0.001"/>
  <testcase classname="testNG.NewTest" name="testDateIsValid" time="0.001"/>
  <testcase classname="testNG.NewTest" name="testCalculate" time="0.005"/>
  <testcase classname="testNG.NewTest" name="testCalculate" time="0.001"/>
  <testcase classname="testNG.NewTest" name="testDateIsValid" time="0.001"/>
  <testcase classname="testNG.NewTest" name="testIsLeapYear" time="0.001"/>
  <testcase classname="testNG.NewTest" name="testIsLeapYear" time="0.001"/>
  <testcase classname="testNG.NewTest" name="testIsLeapYear" time="0.003"/>
  <testcase classname="testNG.NewTest" name="testDateIsValid" time="0.001"/>
</testsuite> <!-- testNG.NewTest -->
