<?xml version="1.0" encoding="UTF-8"?>
<testng-results ignored="0" total="14" passed="14" failed="0" skipped="0">
  <reporter-output>
  </reporter-output>
  <suite started-at="2019-01-03T05:04:25Z" name="Suite" finished-at="2019-01-03T05:04:27Z" duration-ms="2267">
    <groups>
    </groups>
    <test started-at="2019-01-03T05:04:25Z" name="Test" finished-at="2019-01-03T05:04:27Z" duration-ms="2267">
      <class name="testNG.NewTest">
        <test-method is-config="true" signature="beforeClass()[pri:0, instance:testNG.NewTest@6db9f5a4]" started-at="2019-01-03T05:04:25Z" name="beforeClass" finished-at="2019-01-03T05:04:26Z" duration-ms="870" status="PASS">
          <reporter-output>
          </reporter-output>
        </test-method> <!-- beforeClass -->
        <test-method signature="testCalculate(int, int, int, int)[pri:0, instance:testNG.NewTest@6db9f5a4]" started-at="2019-01-03T05:04:26Z" name="testCalculate" data-provider="calculateProvider" finished-at="2019-01-03T05:04:26Z" duration-ms="8" status="PASS">
          <params>
            <param index="0">
              <value>
                <![CDATA[1800]]>
              </value>
            </param>
            <param index="1">
              <value>
                <![CDATA[12]]>
              </value>
            </param>
            <param index="2">
              <value>
                <![CDATA[11]]>
              </value>
            </param>
            <param index="3">
              <value>
                <![CDATA[-1]]>
              </value>
            </param>
          </params>
          <reporter-output>
          </reporter-output>
        </test-method> <!-- testCalculate -->
        <test-method signature="testCalculate(int, int, int, int)[pri:0, instance:testNG.NewTest@6db9f5a4]" started-at="2019-01-03T05:04:26Z" name="testCalculate" data-provider="calculateProvider" finished-at="2019-01-03T05:04:26Z" duration-ms="1" status="PASS">
          <params>
            <param index="0">
              <value>
                <![CDATA[1991]]>
              </value>
            </param>
            <param index="1">
              <value>
                <![CDATA[12]]>
              </value>
            </param>
            <param index="2">
              <value>
                <![CDATA[31]]>
              </value>
            </param>
            <param index="3">
              <value>
                <![CDATA[365]]>
              </value>
            </param>
          </params>
          <reporter-output>
          </reporter-output>
        </test-method> <!-- testCalculate -->
        <test-method signature="testDateIsValid(int, int, int, boolean)[pri:0, instance:testNG.NewTest@6db9f5a4]" started-at="2019-01-03T05:04:26Z" name="testDateIsValid" data-provider="dateValidProvider" finished-at="2019-01-03T05:04:26Z" duration-ms="0" status="PASS">
          <params>
            <param index="0">
              <value>
                <![CDATA[2111]]>
              </value>
            </param>
            <param index="1">
              <value>
                <![CDATA[12]]>
              </value>
            </param>
            <param index="2">
              <value>
                <![CDATA[11]]>
              </value>
            </param>
            <param index="3">
              <value>
                <![CDATA[false]]>
              </value>
            </param>
          </params>
          <reporter-output>
          </reporter-output>
        </test-method> <!-- testDateIsValid -->
        <test-method signature="testDateIsValid(int, int, int, boolean)[pri:0, instance:testNG.NewTest@6db9f5a4]" started-at="2019-01-03T05:04:26Z" name="testDateIsValid" data-provider="dateValidProvider" finished-at="2019-01-03T05:04:26Z" duration-ms="1" status="PASS">
          <params>
            <param index="0">
              <value>
                <![CDATA[1899]]>
              </value>
            </param>
            <param index="1">
              <value>
                <![CDATA[12]]>
              </value>
            </param>
            <param index="2">
              <value>
                <![CDATA[11]]>
              </value>
            </param>
            <param index="3">
              <value>
                <![CDATA[false]]>
              </value>
            </param>
          </params>
          <reporter-output>
          </reporter-output>
        </test-method> <!-- testDateIsValid -->
        <test-method signature="testDateIsValid(int, int, int, boolean)[pri:0, instance:testNG.NewTest@6db9f5a4]" started-at="2019-01-03T05:04:26Z" name="testDateIsValid" data-provider="dateValidProvider" finished-at="2019-01-03T05:04:26Z" duration-ms="1" status="PASS">
          <params>
            <param index="0">
              <value>
                <![CDATA[1991]]>
              </value>
            </param>
            <param index="1">
              <value>
                <![CDATA[-1]]>
              </value>
            </param>
            <param index="2">
              <value>
                <![CDATA[11]]>
              </value>
            </param>
            <param index="3">
              <value>
                <![CDATA[false]]>
              </value>
            </param>
          </params>
          <reporter-output>
          </reporter-output>
        </test-method> <!-- testDateIsValid -->
        <test-method signature="testDateIsValid(int, int, int, boolean)[pri:0, instance:testNG.NewTest@6db9f5a4]" started-at="2019-01-03T05:04:26Z" name="testDateIsValid" data-provider="dateValidProvider" finished-at="2019-01-03T05:04:26Z" duration-ms="0" status="PASS">
          <params>
            <param index="0">
              <value>
                <![CDATA[1991]]>
              </value>
            </param>
            <param index="1">
              <value>
                <![CDATA[13]]>
              </value>
            </param>
            <param index="2">
              <value>
                <![CDATA[11]]>
              </value>
            </param>
            <param index="3">
              <value>
                <![CDATA[false]]>
              </value>
            </param>
          </params>
          <reporter-output>
          </reporter-output>
        </test-method> <!-- testDateIsValid -->
        <test-method signature="testDateIsValid(int, int, int, boolean)[pri:0, instance:testNG.NewTest@6db9f5a4]" started-at="2019-01-03T05:04:26Z" name="testDateIsValid" data-provider="dateValidProvider" finished-at="2019-01-03T05:04:26Z" duration-ms="0" status="PASS">
          <params>
            <param index="0">
              <value>
                <![CDATA[2000]]>
              </value>
            </param>
            <param index="1">
              <value>
                <![CDATA[12]]>
              </value>
            </param>
            <param index="2">
              <value>
                <![CDATA[0]]>
              </value>
            </param>
            <param index="3">
              <value>
                <![CDATA[false]]>
              </value>
            </param>
          </params>
          <reporter-output>
          </reporter-output>
        </test-method> <!-- testDateIsValid -->
        <test-method signature="testDateIsValid(int, int, int, boolean)[pri:0, instance:testNG.NewTest@6db9f5a4]" started-at="2019-01-03T05:04:26Z" name="testDateIsValid" data-provider="dateValidProvider" finished-at="2019-01-03T05:04:26Z" duration-ms="1" status="PASS">
          <params>
            <param index="0">
              <value>
                <![CDATA[2000]]>
              </value>
            </param>
            <param index="1">
              <value>
                <![CDATA[12]]>
              </value>
            </param>
            <param index="2">
              <value>
                <![CDATA[33]]>
              </value>
            </param>
            <param index="3">
              <value>
                <![CDATA[false]]>
              </value>
            </param>
          </params>
          <reporter-output>
          </reporter-output>
        </test-method> <!-- testDateIsValid -->
        <test-method signature="testDateIsValid(int, int, int, boolean)[pri:0, instance:testNG.NewTest@6db9f5a4]" started-at="2019-01-03T05:04:26Z" name="testDateIsValid" data-provider="dateValidProvider" finished-at="2019-01-03T05:04:26Z" duration-ms="1" status="PASS">
          <params>
            <param index="0">
              <value>
                <![CDATA[1991]]>
              </value>
            </param>
            <param index="1">
              <value>
                <![CDATA[12]]>
              </value>
            </param>
            <param index="2">
              <value>
                <![CDATA[11]]>
              </value>
            </param>
            <param index="3">
              <value>
                <![CDATA[true]]>
              </value>
            </param>
          </params>
          <reporter-output>
          </reporter-output>
        </test-method> <!-- testDateIsValid -->
        <test-method signature="testInput()[pri:0, instance:testNG.NewTest@6db9f5a4]" started-at="2019-01-03T05:04:26Z" name="testInput" finished-at="2019-01-03T05:04:27Z" duration-ms="1317" status="PASS">
          <reporter-output>
          </reporter-output>
        </test-method> <!-- testInput -->
        <test-method signature="testIsLeapYear(int, boolean)[pri:0, instance:testNG.NewTest@6db9f5a4]" started-at="2019-01-03T05:04:27Z" name="testIsLeapYear" data-provider="leapYearProvider" finished-at="2019-01-03T05:04:27Z" duration-ms="3" status="PASS">
          <params>
            <param index="0">
              <value>
                <![CDATA[2000]]>
              </value>
            </param>
            <param index="1">
              <value>
                <![CDATA[true]]>
              </value>
            </param>
          </params>
          <reporter-output>
          </reporter-output>
        </test-method> <!-- testIsLeapYear -->
        <test-method signature="testIsLeapYear(int, boolean)[pri:0, instance:testNG.NewTest@6db9f5a4]" started-at="2019-01-03T05:04:27Z" name="testIsLeapYear" data-provider="leapYearProvider" finished-at="2019-01-03T05:04:27Z" duration-ms="3" status="PASS">
          <params>
            <param index="0">
              <value>
                <![CDATA[2004]]>
              </value>
            </param>
            <param index="1">
              <value>
                <![CDATA[true]]>
              </value>
            </param>
          </params>
          <reporter-output>
          </reporter-output>
        </test-method> <!-- testIsLeapYear -->
        <test-method signature="testIsLeapYear(int, boolean)[pri:0, instance:testNG.NewTest@6db9f5a4]" started-at="2019-01-03T05:04:27Z" name="testIsLeapYear" data-provider="leapYearProvider" finished-at="2019-01-03T05:04:27Z" duration-ms="3" status="PASS">
          <params>
            <param index="0">
              <value>
                <![CDATA[1999]]>
              </value>
            </param>
            <param index="1">
              <value>
                <![CDATA[false]]>
              </value>
            </param>
          </params>
          <reporter-output>
          </reporter-output>
        </test-method> <!-- testIsLeapYear -->
        <test-method signature="testIsLeapYear(int, boolean)[pri:0, instance:testNG.NewTest@6db9f5a4]" started-at="2019-01-03T05:04:27Z" name="testIsLeapYear" data-provider="leapYearProvider" finished-at="2019-01-03T05:04:27Z" duration-ms="3" status="PASS">
          <params>
            <param index="0">
              <value>
                <![CDATA[100]]>
              </value>
            </param>
            <param index="1">
              <value>
                <![CDATA[false]]>
              </value>
            </param>
          </params>
          <reporter-output>
          </reporter-output>
        </test-method> <!-- testIsLeapYear -->
        <test-method is-config="true" signature="afterClass()[pri:0, instance:testNG.NewTest@6db9f5a4]" started-at="2019-01-03T05:04:27Z" name="afterClass" finished-at="2019-01-03T05:04:27Z" duration-ms="13" status="PASS">
          <reporter-output>
          </reporter-output>
        </test-method> <!-- afterClass -->
      </class> <!-- testNG.NewTest -->
    </test> <!-- Test -->
  </suite> <!-- Suite -->
</testng-results>
