<?xml version="1.0" encoding="UTF-8"?>
<testng-results skipped="0" failed="0" ignored="0" total="13" passed="13">
  <reporter-output>
  </reporter-output>
  <suite name="Suite" duration-ms="117" started-at="2019-01-03T01:39:11Z" finished-at="2019-01-03T01:39:11Z">
    <groups>
    </groups>
    <test name="Test" duration-ms="117" started-at="2019-01-03T01:39:11Z" finished-at="2019-01-03T01:39:11Z">
      <class name="testNG.NewTest">
        <test-method status="PASS" signature="beforeClass()[pri:0, instance:testNG.NewTest@7823a2f9]" name="beforeClass" is-config="true" duration-ms="15" started-at="2019-01-03T01:39:11Z" finished-at="2019-01-03T01:39:11Z">
          <reporter-output>
          </reporter-output>
        </test-method> <!-- beforeClass -->
        <test-method status="PASS" signature="testCalculate(int, int, int, int)[pri:0, instance:testNG.NewTest@7823a2f9]" name="testCalculate" duration-ms="11" started-at="2019-01-03T01:39:11Z" data-provider="calculateProvider" finished-at="2019-01-03T01:39:11Z">
          <params>
            <param index="0">
              <value>
                <![CDATA[1800]]>
              </value>
            </param>
            <param index="1">
              <value>
                <![CDATA[12]]>
              </value>
            </param>
            <param index="2">
              <value>
                <![CDATA[11]]>
              </value>
            </param>
            <param index="3">
              <value>
                <![CDATA[-1]]>
              </value>
            </param>
          </params>
          <reporter-output>
          </reporter-output>
        </test-method> <!-- testCalculate -->
        <test-method status="PASS" signature="testCalculate(int, int, int, int)[pri:0, instance:testNG.NewTest@7823a2f9]" name="testCalculate" duration-ms="1" started-at="2019-01-03T01:39:11Z" data-provider="calculateProvider" finished-at="2019-01-03T01:39:11Z">
          <params>
            <param index="0">
              <value>
                <![CDATA[1991]]>
              </value>
            </param>
            <param index="1">
              <value>
                <![CDATA[12]]>
              </value>
            </param>
            <param index="2">
              <value>
                <![CDATA[31]]>
              </value>
            </param>
            <param index="3">
              <value>
                <![CDATA[365]]>
              </value>
            </param>
          </params>
          <reporter-output>
          </reporter-output>
        </test-method> <!-- testCalculate -->
        <test-method status="PASS" signature="testDateIsValid(int, int, int, boolean)[pri:0, instance:testNG.NewTest@7823a2f9]" name="testDateIsValid" duration-ms="3" started-at="2019-01-03T01:39:11Z" data-provider="dateValidProvider" finished-at="2019-01-03T01:39:11Z">
          <params>
            <param index="0">
              <value>
                <![CDATA[2111]]>
              </value>
            </param>
            <param index="1">
              <value>
                <![CDATA[12]]>
              </value>
            </param>
            <param index="2">
              <value>
                <![CDATA[11]]>
              </value>
            </param>
            <param index="3">
              <value>
                <![CDATA[false]]>
              </value>
            </param>
          </params>
          <reporter-output>
          </reporter-output>
        </test-method> <!-- testDateIsValid -->
        <test-method status="PASS" signature="testDateIsValid(int, int, int, boolean)[pri:0, instance:testNG.NewTest@7823a2f9]" name="testDateIsValid" duration-ms="4" started-at="2019-01-03T01:39:11Z" data-provider="dateValidProvider" finished-at="2019-01-03T01:39:11Z">
          <params>
            <param index="0">
              <value>
                <![CDATA[1899]]>
              </value>
            </param>
            <param index="1">
              <value>
                <![CDATA[12]]>
              </value>
            </param>
            <param index="2">
              <value>
                <![CDATA[11]]>
              </value>
            </param>
            <param index="3">
              <value>
                <![CDATA[false]]>
              </value>
            </param>
          </params>
          <reporter-output>
          </reporter-output>
        </test-method> <!-- testDateIsValid -->
        <test-method status="PASS" signature="testDateIsValid(int, int, int, boolean)[pri:0, instance:testNG.NewTest@7823a2f9]" name="testDateIsValid" duration-ms="2" started-at="2019-01-03T01:39:11Z" data-provider="dateValidProvider" finished-at="2019-01-03T01:39:11Z">
          <params>
            <param index="0">
              <value>
                <![CDATA[1991]]>
              </value>
            </param>
            <param index="1">
              <value>
                <![CDATA[-1]]>
              </value>
            </param>
            <param index="2">
              <value>
                <![CDATA[11]]>
              </value>
            </param>
            <param index="3">
              <value>
                <![CDATA[false]]>
              </value>
            </param>
          </params>
          <reporter-output>
          </reporter-output>
        </test-method> <!-- testDateIsValid -->
        <test-method status="PASS" signature="testDateIsValid(int, int, int, boolean)[pri:0, instance:testNG.NewTest@7823a2f9]" name="testDateIsValid" duration-ms="2" started-at="2019-01-03T01:39:11Z" data-provider="dateValidProvider" finished-at="2019-01-03T01:39:11Z">
          <params>
            <param index="0">
              <value>
                <![CDATA[1991]]>
              </value>
            </param>
            <param index="1">
              <value>
                <![CDATA[13]]>
              </value>
            </param>
            <param index="2">
              <value>
                <![CDATA[11]]>
              </value>
            </param>
            <param index="3">
              <value>
                <![CDATA[false]]>
              </value>
            </param>
          </params>
          <reporter-output>
          </reporter-output>
        </test-method> <!-- testDateIsValid -->
        <test-method status="PASS" signature="testDateIsValid(int, int, int, boolean)[pri:0, instance:testNG.NewTest@7823a2f9]" name="testDateIsValid" duration-ms="1" started-at="2019-01-03T01:39:11Z" data-provider="dateValidProvider" finished-at="2019-01-03T01:39:11Z">
          <params>
            <param index="0">
              <value>
                <![CDATA[2000]]>
              </value>
            </param>
            <param index="1">
              <value>
                <![CDATA[12]]>
              </value>
            </param>
            <param index="2">
              <value>
                <![CDATA[0]]>
              </value>
            </param>
            <param index="3">
              <value>
                <![CDATA[false]]>
              </value>
            </param>
          </params>
          <reporter-output>
          </reporter-output>
        </test-method> <!-- testDateIsValid -->
        <test-method status="PASS" signature="testDateIsValid(int, int, int, boolean)[pri:0, instance:testNG.NewTest@7823a2f9]" name="testDateIsValid" duration-ms="2" started-at="2019-01-03T01:39:11Z" data-provider="dateValidProvider" finished-at="2019-01-03T01:39:11Z">
          <params>
            <param index="0">
              <value>
                <![CDATA[2000]]>
              </value>
            </param>
            <param index="1">
              <value>
                <![CDATA[12]]>
              </value>
            </param>
            <param index="2">
              <value>
                <![CDATA[33]]>
              </value>
            </param>
            <param index="3">
              <value>
                <![CDATA[false]]>
              </value>
            </param>
          </params>
          <reporter-output>
          </reporter-output>
        </test-method> <!-- testDateIsValid -->
        <test-method status="PASS" signature="testDateIsValid(int, int, int, boolean)[pri:0, instance:testNG.NewTest@7823a2f9]" name="testDateIsValid" duration-ms="2" started-at="2019-01-03T01:39:11Z" data-provider="dateValidProvider" finished-at="2019-01-03T01:39:11Z">
          <params>
            <param index="0">
              <value>
                <![CDATA[1991]]>
              </value>
            </param>
            <param index="1">
              <value>
                <![CDATA[12]]>
              </value>
            </param>
            <param index="2">
              <value>
                <![CDATA[11]]>
              </value>
            </param>
            <param index="3">
              <value>
                <![CDATA[true]]>
              </value>
            </param>
          </params>
          <reporter-output>
          </reporter-output>
        </test-method> <!-- testDateIsValid -->
        <test-method status="PASS" signature="testIsLeapYear(int, boolean)[pri:0, instance:testNG.NewTest@7823a2f9]" name="testIsLeapYear" duration-ms="1" started-at="2019-01-03T01:39:11Z" data-provider="leapYearProvider" finished-at="2019-01-03T01:39:11Z">
          <params>
            <param index="0">
              <value>
                <![CDATA[2000]]>
              </value>
            </param>
            <param index="1">
              <value>
                <![CDATA[true]]>
              </value>
            </param>
          </params>
          <reporter-output>
          </reporter-output>
        </test-method> <!-- testIsLeapYear -->
        <test-method status="PASS" signature="testIsLeapYear(int, boolean)[pri:0, instance:testNG.NewTest@7823a2f9]" name="testIsLeapYear" duration-ms="1" started-at="2019-01-03T01:39:11Z" data-provider="leapYearProvider" finished-at="2019-01-03T01:39:11Z">
          <params>
            <param index="0">
              <value>
                <![CDATA[2004]]>
              </value>
            </param>
            <param index="1">
              <value>
                <![CDATA[true]]>
              </value>
            </param>
          </params>
          <reporter-output>
          </reporter-output>
        </test-method> <!-- testIsLeapYear -->
        <test-method status="PASS" signature="testIsLeapYear(int, boolean)[pri:0, instance:testNG.NewTest@7823a2f9]" name="testIsLeapYear" duration-ms="3" started-at="2019-01-03T01:39:11Z" data-provider="leapYearProvider" finished-at="2019-01-03T01:39:11Z">
          <params>
            <param index="0">
              <value>
                <![CDATA[1999]]>
              </value>
            </param>
            <param index="1">
              <value>
                <![CDATA[false]]>
              </value>
            </param>
          </params>
          <reporter-output>
          </reporter-output>
        </test-method> <!-- testIsLeapYear -->
        <test-method status="PASS" signature="testIsLeapYear(int, boolean)[pri:0, instance:testNG.NewTest@7823a2f9]" name="testIsLeapYear" duration-ms="2" started-at="2019-01-03T01:39:11Z" data-provider="leapYearProvider" finished-at="2019-01-03T01:39:11Z">
          <params>
            <param index="0">
              <value>
                <![CDATA[100]]>
              </value>
            </param>
            <param index="1">
              <value>
                <![CDATA[false]]>
              </value>
            </param>
          </params>
          <reporter-output>
          </reporter-output>
        </test-method> <!-- testIsLeapYear -->
        <test-method status="PASS" signature="afterClass()[pri:0, instance:testNG.NewTest@7823a2f9]" name="afterClass" is-config="true" duration-ms="0" started-at="2019-01-03T01:39:11Z" finished-at="2019-01-03T01:39:11Z">
          <reporter-output>
          </reporter-output>
        </test-method> <!-- afterClass -->
      </class> <!-- testNG.NewTest -->
    </test> <!-- Test -->
  </suite> <!-- Suite -->
</testng-results>
